<?xml version="1.0" encoding="UTF-8"?>
<testsuite name="ServiceTesting" tests="3" skipped="0" failures="0" errors="0" timestamp="2024-04-20T15:38:12" hostname="DESKTOP-VFPSC9H" time="4.623">
  <properties/>
  <testcase name="AddOwner()" classname="ServiceTesting" time="3.92"/>
  <testcase name="MergeCats()" classname="ServiceTesting" time="0.347"/>
  <testcase name="AddCat()" classname="ServiceTesting" time="0.354"/>
  <system-out><![CDATA[18:38:12.628 [Test worker] INFO org.hibernate.Version -- HHH000412: Hibernate ORM core version 6.4.4.Final
18:38:13.098 [Test worker] INFO org.hibernate.cache.internal.RegionFactoryInitiator -- HHH000026: Second-level cache disabled
18:38:13.302 [Test worker] WARN org.hibernate.orm.connections.pooling -- HHH10001002: Using built-in connection pool (not intended for production use)
18:38:13.310 [Test worker] INFO org.hibernate.orm.connections.pooling -- HHH10001005: Loaded JDBC driver class: org.postgresql.Driver
18:38:13.310 [Test worker] INFO org.hibernate.orm.connections.pooling -- HHH10001012: Connecting with JDBC URL [jdbc:postgresql://localhost:5432/postgres]
18:38:13.310 [Test worker] INFO org.hibernate.orm.connections.pooling -- HHH10001001: Connection properties: {password=****, user=postgres}
18:38:13.310 [Test worker] INFO org.hibernate.orm.connections.pooling -- HHH10001003: Autocommit mode: false
18:38:13.315 [Test worker] INFO org.hibernate.orm.connections.pooling -- HHH10001115: Connection pool size: 20 (min=1)
18:38:13.946 [Test worker] WARN org.hibernate.orm.deprecation -- HHH90000025: PostgreSQLDialect does not need to be specified explicitly using 'hibernate.dialect' (remove the property setting and it will be selected by default)
18:38:15.535 [Test worker] INFO org.hibernate.engine.transaction.jta.platform.internal.JtaPlatformInitiator -- HHH000489: No JTA platform available (set 'hibernate.transaction.jta.platform' to enable JTA platform integration)
18:38:15.573 [Test worker] INFO org.hibernate.orm.connections.access -- HHH10001501: Connection obtained from JdbcConnectionAccess [org.hibernate.engine.jdbc.env.internal.JdbcEnvironmentInitiator$ConnectionProviderJdbcConnectionAccess@376b5cb2] for (non-JTA) DDL execution was not in auto-commit mode; the Connection 'local transaction' will be committed and the Connection will be set into auto-commit mode.
18:38:16.258 [Test worker] INFO org.hibernate.cache.internal.RegionFactoryInitiator -- HHH000026: Second-level cache disabled
18:38:16.261 [Test worker] WARN org.hibernate.orm.connections.pooling -- HHH10001002: Using built-in connection pool (not intended for production use)
18:38:16.262 [Test worker] INFO org.hibernate.orm.connections.pooling -- HHH10001005: Loaded JDBC driver class: org.postgresql.Driver
18:38:16.262 [Test worker] INFO org.hibernate.orm.connections.pooling -- HHH10001012: Connecting with JDBC URL [jdbc:postgresql://localhost:5432/postgres]
18:38:16.262 [Test worker] INFO org.hibernate.orm.connections.pooling -- HHH10001001: Connection properties: {password=****, user=postgres}
18:38:16.262 [Test worker] INFO org.hibernate.orm.connections.pooling -- HHH10001003: Autocommit mode: false
18:38:16.263 [Test worker] INFO org.hibernate.orm.connections.pooling -- HHH10001115: Connection pool size: 20 (min=1)
18:38:16.341 [Test worker] WARN org.hibernate.orm.deprecation -- HHH90000025: PostgreSQLDialect does not need to be specified explicitly using 'hibernate.dialect' (remove the property setting and it will be selected by default)
18:38:16.426 [Test worker] INFO org.hibernate.engine.transaction.jta.platform.internal.JtaPlatformInitiator -- HHH000489: No JTA platform available (set 'hibernate.transaction.jta.platform' to enable JTA platform integration)
18:38:16.427 [Test worker] INFO org.hibernate.orm.connections.access -- HHH10001501: Connection obtained from JdbcConnectionAccess [org.hibernate.engine.jdbc.env.internal.JdbcEnvironmentInitiator$ConnectionProviderJdbcConnectionAccess@1b1ea1d9] for (non-JTA) DDL execution was not in auto-commit mode; the Connection 'local transaction' will be committed and the Connection will be set into auto-commit mode.
18:38:16.607 [Test worker] INFO org.hibernate.cache.internal.RegionFactoryInitiator -- HHH000026: Second-level cache disabled
18:38:16.610 [Test worker] WARN org.hibernate.orm.connections.pooling -- HHH10001002: Using built-in connection pool (not intended for production use)
18:38:16.610 [Test worker] INFO org.hibernate.orm.connections.pooling -- HHH10001005: Loaded JDBC driver class: org.postgresql.Driver
18:38:16.610 [Test worker] INFO org.hibernate.orm.connections.pooling -- HHH10001012: Connecting with JDBC URL [jdbc:postgresql://localhost:5432/postgres]
18:38:16.611 [Test worker] INFO org.hibernate.orm.connections.pooling -- HHH10001001: Connection properties: {password=****, user=postgres}
18:38:16.611 [Test worker] INFO org.hibernate.orm.connections.pooling -- HHH10001003: Autocommit mode: false
18:38:16.611 [Test worker] INFO org.hibernate.orm.connections.pooling -- HHH10001115: Connection pool size: 20 (min=1)
18:38:16.692 [Test worker] WARN org.hibernate.orm.deprecation -- HHH90000025: PostgreSQLDialect does not need to be specified explicitly using 'hibernate.dialect' (remove the property setting and it will be selected by default)
18:38:16.769 [Test worker] INFO org.hibernate.engine.transaction.jta.platform.internal.JtaPlatformInitiator -- HHH000489: No JTA platform available (set 'hibernate.transaction.jta.platform' to enable JTA platform integration)
18:38:16.770 [Test worker] INFO org.hibernate.orm.connections.access -- HHH10001501: Connection obtained from JdbcConnectionAccess [org.hibernate.engine.jdbc.env.internal.JdbcEnvironmentInitiator$ConnectionProviderJdbcConnectionAccess@70ee1963] for (non-JTA) DDL execution was not in auto-commit mode; the Connection 'local transaction' will be committed and the Connection will be set into auto-commit mode.
]]></system-out>
  <system-err><![CDATA[]]></system-err>
</testsuite>
