<?xml version="1.0" encoding="UTF-8"?>
<testsuite name="integracionalTesting" tests="1" skipped="0" failures="0" errors="0" timestamp="2024-04-20T15:10:09" hostname="DESKTOP-VFPSC9H" time="0.398">
  <properties/>
  <testcase name="addCatOwner()" classname="integracionalTesting" time="0.398"/>
  <system-out><![CDATA[
  .   ____          _            __ _ _
 /\\ / ___'_ __ _ _(_)_ __  __ _ \ \ \ \
( ( )\___ | '_ | '_| | '_ \/ _` | \ \ \ \
 \\/  ___)| |_)| | | | | || (_| |  ) ) ) )
  '  |____| .__|_| |_|_| |_\__, | / / / /
 =========|_|==============|___/=/_/_/_/
 :: Spring Boot ::                (v3.2.4)

2024-04-20T18:10:03.152+03:00  INFO 1068 --- [    Test worker] integracionalTesting                     : Starting integracionalTesting using Java 17.0.10 with PID 1068 (started by Admin in C:\Projects\CatFinalAtemtion\CatsFinal\View)
2024-04-20T18:10:03.156+03:00  INFO 1068 --- [    Test worker] integracionalTesting                     : No active profile set, falling back to 1 default profile: "default"
2024-04-20T18:10:04.248+03:00  INFO 1068 --- [    Test worker] .s.d.r.c.RepositoryConfigurationDelegate : Bootstrapping Spring Data JPA repositories in DEFAULT mode.
2024-04-20T18:10:04.347+03:00  INFO 1068 --- [    Test worker] .s.d.r.c.RepositoryConfigurationDelegate : Finished Spring Data repository scanning in 85 ms. Found 2 JPA repository interfaces.
2024-04-20T18:10:05.068+03:00  INFO 1068 --- [    Test worker] com.zaxxer.hikari.HikariDataSource       : HikariPool-1 - Starting...
2024-04-20T18:10:05.386+03:00  INFO 1068 --- [    Test worker] com.zaxxer.hikari.pool.HikariPool        : HikariPool-1 - Added connection conn0: url=jdbc:h2:mem:testdb user=SA
2024-04-20T18:10:05.389+03:00  INFO 1068 --- [    Test worker] com.zaxxer.hikari.HikariDataSource       : HikariPool-1 - Start completed.
2024-04-20T18:10:05.461+03:00  INFO 1068 --- [    Test worker] o.hibernate.jpa.internal.util.LogHelper  : HHH000204: Processing PersistenceUnitInfo [name: default]
2024-04-20T18:10:05.590+03:00  INFO 1068 --- [    Test worker] org.hibernate.Version                    : HHH000412: Hibernate ORM core version 6.4.4.Final
2024-04-20T18:10:05.655+03:00  INFO 1068 --- [    Test worker] o.h.c.internal.RegionFactoryInitiator    : HHH000026: Second-level cache disabled
2024-04-20T18:10:06.068+03:00  INFO 1068 --- [    Test worker] o.s.o.j.p.SpringPersistenceUnitInfo      : No LoadTimeWeaver setup: ignoring JPA class transformer
2024-04-20T18:10:06.220+03:00  WARN 1068 --- [    Test worker] org.hibernate.dialect.Dialect            : HHH000511: The 1.4.200 version for [org.hibernate.dialect.H2Dialect] is no longer supported, hence certain features may not work properly. The minimum supported version is 2.1.214. Check the community dialects project for available legacy versions.
2024-04-20T18:10:06.230+03:00  WARN 1068 --- [    Test worker] org.hibernate.orm.deprecation            : HHH90000025: H2Dialect does not need to be specified explicitly using 'hibernate.dialect' (remove the property setting and it will be selected by default)
2024-04-20T18:10:07.911+03:00  INFO 1068 --- [    Test worker] o.h.e.t.j.p.i.JtaPlatformInitiator       : HHH000489: No JTA platform available (set 'hibernate.transaction.jta.platform' to enable JTA platform integration)
2024-04-20T18:10:07.985+03:00  INFO 1068 --- [    Test worker] j.LocalContainerEntityManagerFactoryBean : Initialized JPA EntityManagerFactory for persistence unit 'default'
2024-04-20T18:10:08.769+03:00  WARN 1068 --- [    Test worker] JpaBaseConfiguration$JpaWebConfiguration : spring.jpa.open-in-view is enabled by default. Therefore, database queries may be performed during view rendering. Explicitly configure spring.jpa.open-in-view to disable this warning
2024-04-20T18:10:09.393+03:00  INFO 1068 --- [    Test worker] o.s.b.t.m.w.SpringBootMockServletContext : Initializing Spring TestDispatcherServlet ''
2024-04-20T18:10:09.393+03:00  INFO 1068 --- [    Test worker] o.s.t.web.servlet.TestDispatcherServlet  : Initializing Servlet ''
2024-04-20T18:10:09.396+03:00  INFO 1068 --- [    Test worker] o.s.t.web.servlet.TestDispatcherServlet  : Completed initialization in 2 ms
2024-04-20T18:10:09.436+03:00  INFO 1068 --- [    Test worker] integracionalTesting                     : Started integracionalTesting in 6.682 seconds (process running for 9.698)

MockHttpServletRequest:
      HTTP Method = POST
      Request URI = /CatOwner
       Parameters = {}
          Headers = [Content-Type:"application/json;charset=UTF-8", Content-Length:"94"]
             Body = {
  "id" : 5,
  "name" : "ananasTest",
  "birthday" : [ 2003, 5, 5 ],
  "cats_id" : [ ]
}
    Session Attrs = {}

Handler:
             Type = org.example.Controllers.CatOwnerController
           Method = org.example.Controllers.CatOwnerController#saveCatOwner(CatOwnerDTO)

Async:
    Async started = false
     Async result = null

Resolved Exception:
             Type = null

ModelAndView:
        View name = null
             View = null
            Model = null

FlashMap:
       Attributes = null

MockHttpServletResponse:
           Status = 200
    Error message = null
          Headers = [Content-Type:"application/json"]
     Content type = application/json
             Body = {"id":5,"name":"ananasTest","birthday":"2003-05-05","cats_id":[]}
    Forwarded URL = null
   Redirected URL = null
          Cookies = []
]]></system-out>
  <system-err><![CDATA[]]></system-err>
</testsuite>
